
61. Printing statistics.

=== mkdummy ===

   Number of wires:              23063
   Number of wire bits:          23261
   Number of public wires:         858
   Number of public wire bits:    1056
   Number of memories:               0
   Number of memory bits:            0
   Number of processes:              0
   Number of cells:              23126
     sky130_fd_sc_hd__a2111o_2      29
     sky130_fd_sc_hd__a2111oi_2      4
     sky130_fd_sc_hd__a2111oi_4      1
     sky130_fd_sc_hd__a211o_2      417
     sky130_fd_sc_hd__a211o_4        4
     sky130_fd_sc_hd__a211oi_2     303
     sky130_fd_sc_hd__a21bo_2       73
     sky130_fd_sc_hd__a21bo_4        2
     sky130_fd_sc_hd__a21boi_2      23
     sky130_fd_sc_hd__a21o_2       656
     sky130_fd_sc_hd__a21o_4         9
     sky130_fd_sc_hd__a21oi_2      758
     sky130_fd_sc_hd__a21oi_4        5
     sky130_fd_sc_hd__a221o_2      100
     sky130_fd_sc_hd__a221oi_2       4
     sky130_fd_sc_hd__a22o_2       280
     sky130_fd_sc_hd__a22oi_2      821
     sky130_fd_sc_hd__a2bb2o_2     103
     sky130_fd_sc_hd__a2bb2o_4       3
     sky130_fd_sc_hd__a2bb2oi_2      2
     sky130_fd_sc_hd__a311o_2       10
     sky130_fd_sc_hd__a311oi_2       1
     sky130_fd_sc_hd__a31o_2       341
     sky130_fd_sc_hd__a31o_4        21
     sky130_fd_sc_hd__a31oi_2       21
     sky130_fd_sc_hd__a32o_2        18
     sky130_fd_sc_hd__a32oi_2        3
     sky130_fd_sc_hd__a41o_2         7
     sky130_fd_sc_hd__a41oi_2        1
     sky130_fd_sc_hd__and2_2       666
     sky130_fd_sc_hd__and2_4         8
     sky130_fd_sc_hd__and2b_2      328
     sky130_fd_sc_hd__and2b_4        1
     sky130_fd_sc_hd__and3_2       634
     sky130_fd_sc_hd__and3_4         9
     sky130_fd_sc_hd__and3b_2       28
     sky130_fd_sc_hd__and3b_4        1
     sky130_fd_sc_hd__and4_2       873
     sky130_fd_sc_hd__and4_4         4
     sky130_fd_sc_hd__and4b_2       69
     sky130_fd_sc_hd__and4bb_2     122
     sky130_fd_sc_hd__and4bb_4       1
     sky130_fd_sc_hd__buf_1       2117
     sky130_fd_sc_hd__buf_2         72
     sky130_fd_sc_hd__buf_4         22
     sky130_fd_sc_hd__buf_6         38
     sky130_fd_sc_hd__buf_8          2
     sky130_fd_sc_hd__bufinv_8      13
     sky130_fd_sc_hd__conb_1         1
     sky130_fd_sc_hd__dfxtp_2      919
     sky130_fd_sc_hd__inv_12         1
     sky130_fd_sc_hd__inv_2        431
     sky130_fd_sc_hd__inv_4          2
     sky130_fd_sc_hd__mux2_1        11
     sky130_fd_sc_hd__mux2_2      1418
     sky130_fd_sc_hd__mux4_2        36
     sky130_fd_sc_hd__nand2_2     1945
     sky130_fd_sc_hd__nand2_4        1
     sky130_fd_sc_hd__nand2b_2       3
     sky130_fd_sc_hd__nand2b_4       3
     sky130_fd_sc_hd__nand3_2      356
     sky130_fd_sc_hd__nand3_4        1
     sky130_fd_sc_hd__nand3b_2       4
     sky130_fd_sc_hd__nand4_2       24
     sky130_fd_sc_hd__nand4bb_2      1
     sky130_fd_sc_hd__nor2_2      2000
     sky130_fd_sc_hd__nor2_4         3
     sky130_fd_sc_hd__nor2b_2        3
     sky130_fd_sc_hd__nor2b_4        2
     sky130_fd_sc_hd__nor3_2       254
     sky130_fd_sc_hd__nor3b_2        5
     sky130_fd_sc_hd__nor4_2        50
     sky130_fd_sc_hd__nor4bb_2       1
     sky130_fd_sc_hd__o2111a_2      35
     sky130_fd_sc_hd__o2111ai_2      3
     sky130_fd_sc_hd__o211a_2      494
     sky130_fd_sc_hd__o211a_4        7
     sky130_fd_sc_hd__o211ai_2     242
     sky130_fd_sc_hd__o21a_2       429
     sky130_fd_sc_hd__o21a_4         1
     sky130_fd_sc_hd__o21ai_2      462
     sky130_fd_sc_hd__o21ba_2      607
     sky130_fd_sc_hd__o21bai_2      36
     sky130_fd_sc_hd__o21bai_4       1
     sky130_fd_sc_hd__o221a_2       30
     sky130_fd_sc_hd__o221ai_2       7
     sky130_fd_sc_hd__o22a_2       142
     sky130_fd_sc_hd__o22ai_2       11
     sky130_fd_sc_hd__o22ai_4        1
     sky130_fd_sc_hd__o2bb2a_2     191
     sky130_fd_sc_hd__o2bb2a_4       1
     sky130_fd_sc_hd__o2bb2ai_2     19
     sky130_fd_sc_hd__o311a_2       11
     sky130_fd_sc_hd__o311a_4        2
     sky130_fd_sc_hd__o311ai_2       4
     sky130_fd_sc_hd__o31a_2        23
     sky130_fd_sc_hd__o31a_4         1
     sky130_fd_sc_hd__o31ai_2       14
     sky130_fd_sc_hd__o32a_2         6
     sky130_fd_sc_hd__o32a_4         1
     sky130_fd_sc_hd__o32ai_4        1
     sky130_fd_sc_hd__o41a_2         3
     sky130_fd_sc_hd__or2_2        849
     sky130_fd_sc_hd__or2_4         10
     sky130_fd_sc_hd__or2b_2       410
     sky130_fd_sc_hd__or3_2        428
     sky130_fd_sc_hd__or3_4         13
     sky130_fd_sc_hd__or3b_2        47
     sky130_fd_sc_hd__or3b_4         3
     sky130_fd_sc_hd__or4_2         81
     sky130_fd_sc_hd__or4_4          5
     sky130_fd_sc_hd__or4b_2         7
     sky130_fd_sc_hd__or4b_4         4
     sky130_fd_sc_hd__or4bb_2       12
     sky130_fd_sc_hd__or4bb_4        1
     sky130_fd_sc_hd__xnor2_2     1838
     sky130_fd_sc_hd__xnor2_4        1
     sky130_fd_sc_hd__xor2_2       129

   Chip area for module '\mkdummy': 219271.548800
